Drill report for /home/phdgc/DUNE/cryosub-github/cryosub/hardware/uob-hep-pc068a-cryosub/cryosub_power_converter_top_v03/cryosub_power_converter_top_v03.kicad_pcb
Created on Thu 06 Jan 2022 14:18:06 GMT

Copper Layer Stackup:
    =============================================================
    L1 :  F.Cu                      front
    L2 :  In1.Cu                    in1
    L3 :  In2.Cu                    in2
    L4 :  B.Cu                      back


Drill file 'cryosub_power_converter_top_v03-PTH.drl' contains
    plated through holes:
    =============================================================
    T1  0.250mm  0.0098"  (37 holes)
    T2  0.400mm  0.0157"  (57 holes)
    T3  0.500mm  0.0197"  (4 holes)
    T4  0.800mm  0.0315"  (2 holes)
    T5  1.190mm  0.0469"  (6 holes)

    Total plated holes count 106


Drill file 'cryosub_power_converter_top_v03-NPTH.drl' contains
    unplated through holes:
    =============================================================
    T1  2.700mm  0.1063"  (3 holes)

    Total unplated holes count 3
